<?xml version="1.0" encoding="UTF-8"?>

<beans xmlns="http://www.springframework.org/schema/beans"
	xmlns:xsi="http://www.w3.org/2001/XMLSchema-instance"
	xmlns:jdbc="http://www.springframework.org/schema/jdbc"
	xmlns:util="http://www.springframework.org/schema/util"
	xsi:schemaLocation="
       http://www.springframework.org/schema/beans http://www.springframework.org/schema/beans/spring-beans.xsd
       http://www.springframework.org/schema/jdbc http://www.springframework.org/schema/jdbc/spring-jdbc.xsd
       http://www.springframework.org/schema/util http://www.springframework.org/schema/util/spring-util-3.0.xsd
       ">

	<!-- DAO beans -->
	<bean id="incidentReportingDao" class="org.ojbc.incidentReporting.dao.IncidentReportingDaoImpl">
		<property name="dataSource" ref="dataSource" />
	</bean>

    <bean id="dataSource" class="org.springframework.jdbc.datasource.DriverManagerDataSource">
		<property name="driverClassName" value="org.h2.jdbcx.JdbcDataSource" />
		<property name="url" value="jdbc:h2:mem:incidentReportingStateCache" />
		<property name="username" value="sa" />
	</bean>
	
	<bean id="incidentReportPersonInvolvementProcessor" class="org.ojbc.incidentReporting.dao.IncidentReportPersonInvolvementProcessor">
		<property name="incidentReportingDao" ref="incidentReportingDao" />
	</bean>

	<bean id="arrestReportProcessor" class="org.ojbc.incidentReporting.dao.ArrestReportProcessor">
		<property name="incidentReportingDao" ref="incidentReportingDao" />
	</bean>	

</beans>